--------------------------------------------------------------------------------
angles               : True
bonds                : True
chirals              : True
delete_cache         : True
dihedrals            : True
exclude_hydrogens    : False
exclude_non_protein  : False
exclude_water        : True
filename             : 2xga.updated_refine_001.pdb.geo
ignore_cache         : False
nonbonds             : False
only_hydrogens       : False
only_water           : False
parallelitys         : False
planes               : False
quiet                : False
use_cache            : True
--------------------------------------------------------------------------------
processed bond : 0.1
processed angle : 0.3
processed dihedral : 0.4
LOADED ['chirality', 'angle', 'dihedral', 'bond']
Time to parse 0.38

RMS results for model

RMS(D/Z)
             d-all          d-none         d-alt          z-all          z-none         z-alt          
  bond       0.010( 4192)   0.010( 4130)   0.005(   62)   0.458( 4192)   0.461( 4130)   0.238(   62)
  angle      1.105( 7589)   1.111( 7473)   0.626(  116)   0.520( 7589)   0.523( 7473)   0.332(  116)
  dihedral  13.491( 1680)  13.382( 1650)  18.531(   30)   0.975( 1680)   0.974( 1650)   1.013(   30)

Selecting bonds        Time to select bonds        : 0.03s
Selecting angles       Time to select angles       : 0.10s
Selecting dihedrals    Time to select dihedrals    : 0.03s

RMS results for selection

RMS(D/Z)
             d-all          d-none         d-alt          z-all          z-none         z-alt          
  bond       0.008(    6)   0.008(    6)   0.000(    0)   0.396(    6)   0.396(    6)   0.000(    0)
  angle      1.164(   18)   1.164(   18)   0.000(    0)   0.388(   18)   0.388(   18)   0.000(    0)
  dihedral   6.932(    4)   6.932(    4)   0.000(    0)   0.116(    4)   0.116(    4)   0.000(    0)

----- bonds ----- bonds ----- bonds ----- bonds ----- bonds ----- bonds 
   1 " N1  MTN B1019 " - " O1  MTN B1019 " [ 1.258, 1.276, -0.018, 2.00e-02, 2.50e+03, 8.01e-01]
   2 " C5  MTN B1019 " - " N1  MTN B1019 " [ 1.480, 1.475,  0.005, 2.00e-02, 2.50e+03, 7.36e-02]
   3 " C1  MTN A1019 " - " N1  MTN A1019 " [ 1.477, 1.472,  0.005, 2.00e-02, 2.50e+03, 5.65e-02]
   4 " N1  MTN A1019 " - " O1  MTN A1019 " [ 1.258, 1.259, -0.001, 2.00e-02, 2.50e+03, 3.05e-03]
   5 " C5  MTN A1019 " - " N1  MTN A1019 " [ 1.480, 1.481, -0.001, 2.00e-02, 2.50e+03, 1.42e-03]
   6 " C1  MTN B1019 " - " N1  MTN B1019 " [ 1.477, 1.478, -0.001, 2.00e-02, 2.50e+03, 8.59e-04]
---- angles ---- angles ---- angles ---- angles ---- angles ---- angles 
   1 " C9  MTN A1019 " - " C1  MTN A1019 " - " N1  MTN A1019 " [ 109.97, 107.30,  2.67, 3.00, 0.111, 7.94e-01]
   2 " C1  MTN B1019 " - " N1  MTN B1019 " - " O1  MTN B1019 " [ 122.58, 124.69, -2.11, 3.00, 0.111, 4.96e-01]
   3 " C7  MTN B1019 " - " C5  MTN B1019 " - " N1  MTN B1019 " [ 109.16, 107.55,  1.61, 3.00, 0.111, 2.88e-01]
   4 " C6  MTN B1019 " - " C5  MTN B1019 " - " N1  MTN B1019 " [ 108.85, 107.48,  1.37, 3.00, 0.111, 2.09e-01]
   5 " C8  MTN B1019 " - " C1  MTN B1019 " - " N1  MTN B1019 " [ 109.60, 110.96, -1.36, 3.00, 0.111, 2.05e-01]
   6 " C1  MTN B1019 " - " N1  MTN B1019 " - " C5  MTN B1019 " [ 114.61, 113.29,  1.32, 3.00, 0.111, 1.93e-01]
   7 " C7  MTN A1019 " - " C5  MTN A1019 " - " N1  MTN A1019 " [ 109.16, 107.91,  1.25, 3.00, 0.111, 1.73e-01]
   8 " C5  MTN A1019 " - " N1  MTN A1019 " - " O1  MTN A1019 " [ 122.20, 123.34, -1.14, 3.00, 0.111, 1.44e-01]
   9 " C2  MTN B1019 " - " C1  MTN B1019 " - " N1  MTN B1019 " [  99.99, 100.61, -0.62, 3.00, 0.111, 4.34e-02]
  10 " C6  MTN A1019 " - " C5  MTN A1019 " - " N1  MTN A1019 " [ 108.85, 108.24,  0.61, 3.00, 0.111, 4.11e-02]
  11 " C2  MTN A1019 " - " C1  MTN A1019 " - " N1  MTN A1019 " [  99.99, 100.52, -0.53, 3.00, 0.111, 3.08e-02]
  12 " C8  MTN A1019 " - " C1  MTN A1019 " - " N1  MTN A1019 " [ 109.60, 110.07, -0.47, 3.00, 0.111, 2.50e-02]
  13 " C9  MTN B1019 " - " C1  MTN B1019 " - " N1  MTN B1019 " [ 109.97, 109.51,  0.46, 3.00, 0.111, 2.32e-02]
  14 " C5  MTN B1019 " - " N1  MTN B1019 " - " O1  MTN B1019 " [ 122.20, 121.78,  0.42, 3.00, 0.111, 1.95e-02]
  15 " C1  MTN A1019 " - " N1  MTN A1019 " - " C5  MTN A1019 " [ 114.61, 114.29,  0.32, 3.00, 0.111, 1.11e-02]
  16 " C1  MTN A1019 " - " N1  MTN A1019 " - " O1  MTN A1019 " [ 122.58, 122.37,  0.21, 3.00, 0.111, 5.13e-03]
  17 " C3  MTN B1019 " - " C5  MTN B1019 " - " N1  MTN B1019 " [  99.93, 100.14, -0.21, 3.00, 0.111, 5.11e-03]
  18 " C3  MTN A1019 " - " C5  MTN A1019 " - " N1  MTN A1019 " [  99.93,  99.75,  0.18, 3.00, 0.111, 3.77e-03]
---- dihedrals ---- dihedrals ---- dihedrals ---- dihedrals ---- dihedrals ---- dihedrals 
   1 " C2  MTN A1019 " - " C1  MTN A1019 " - " N1  MTN A1019 " - " O1  MTN A1019 " [  180.00, -171.56,   -8.44,  1,   60.00, 2.78e-04,    0.03]
   2 " C3  MTN A1019 " - " C5  MTN A1019 " - " N1  MTN A1019 " - " O1  MTN A1019 " [  180.00,  171.95,    8.05,  1,   60.00, 2.78e-04,    0.03]
   3 " C2  MTN B1019 " - " C1  MTN B1019 " - " N1  MTN B1019 " - " O1  MTN B1019 " [ -180.00, -174.67,   -5.33,  1,   60.00, 2.78e-04,    0.01]
   4 " C3  MTN B1019 " - " C5  MTN B1019 " - " N1  MTN B1019 " - " O1  MTN B1019 " [  180.00,  174.73,    5.27,  1,   60.00, 2.78e-04,    0.01]
---- chirals ---- chirals ---- chirals ---- chirals ---- chirals ---- chirals 
  None
