--------------------------------------------------------------------------------
angles               : True
bonds                : True
chirals              : True
delete_cache         : True
dihedrals            : True
exclude_hydrogens    : False
exclude_non_protein  : False
exclude_water        : True
filename             : 4ek1.updated_refine_001.pdb.geo
ignore_cache         : False
nonbonds             : False
only_hydrogens       : False
only_water           : False
parallelitys         : False
planes               : False
quiet                : False
use_cache            : True
--------------------------------------------------------------------------------
processed bond : 0.4
processed angle : 1.1
processed dihedral : 1.2
LOADED ['chirality', 'angle', 'dihedral', 'bond']
Time to parse 1.24

RMS results for model

RMS(D/Z)
             d-all          d-none         d-alt          z-all          z-none         z-alt          
  bond       0.010(13242)   0.010(12914)   0.005(  328)   0.445(13242)   0.449(12914)   0.252(  328)
  angle      1.027(24015)   1.033(23371)   0.783(  644)   0.462(24015)   0.464(23371)   0.380(  644)
  dihedral  14.382( 5273)  13.973( 5093)  23.139(  180)   1.040( 5273)   1.013( 5093)   1.631(  180)

Selecting bonds        Time to select bonds        : 0.10s
Selecting angles       Time to select angles       : 0.32s
Selecting dihedrals    Time to select dihedrals    : 0.11s

RMS results for selection

RMS(D/Z)
             d-all          d-none         d-alt          z-all          z-none         z-alt          
  bond       0.012(    9)   0.012(    9)   0.000(    0)   0.608(    9)   0.608(    9)   0.000(    0)
  angle      1.308(   27)   1.308(   27)   0.000(    0)   0.436(   27)   0.436(   27)   0.000(    0)
  dihedral   7.065(    6)   7.065(    6)   0.000(    0)   0.118(    6)   0.118(    6)   0.000(    0)

----- bonds ----- bonds ----- bonds ----- bonds ----- bonds ----- bonds 
   1 " N1  MTN A 504 " - " O1  MTN A 504 " [ 1.258, 1.236,  0.022, 2.00e-02, 2.50e+03, 1.19e+00]
   2 " C5  MTN A 505 " - " N1  MTN A 505 " [ 1.480, 1.498, -0.018, 2.00e-02, 2.50e+03, 7.96e-01]
   3 " N1  MTN B 504 " - " O1  MTN B 504 " [ 1.258, 1.245,  0.013, 2.00e-02, 2.50e+03, 4.53e-01]
   4 " C1  MTN A 504 " - " N1  MTN A 504 " [ 1.477, 1.466,  0.011, 2.00e-02, 2.50e+03, 2.82e-01]
   5 " C1  MTN A 505 " - " N1  MTN A 505 " [ 1.477, 1.487, -0.010, 2.00e-02, 2.50e+03, 2.57e-01]
   6 " C5  MTN A 504 " - " N1  MTN A 504 " [ 1.480, 1.472,  0.008, 2.00e-02, 2.50e+03, 1.66e-01]
   7 " C5  MTN B 504 " - " N1  MTN B 504 " [ 1.480, 1.473,  0.007, 2.00e-02, 2.50e+03, 1.07e-01]
   8 " C1  MTN B 504 " - " N1  MTN B 504 " [ 1.477, 1.481, -0.004, 2.00e-02, 2.50e+03, 4.39e-02]
   9 " N1  MTN A 505 " - " O1  MTN A 505 " [ 1.258, 1.260, -0.002, 2.00e-02, 2.50e+03, 6.32e-03]
---- angles ---- angles ---- angles ---- angles ---- angles ---- angles 
   1 " C9  MTN B 504 " - " C1  MTN B 504 " - " N1  MTN B 504 " [ 109.97, 114.19, -4.22, 3.00, 0.111, 1.98e+00]
   2 " C6  MTN A 504 " - " C5  MTN A 504 " - " N1  MTN A 504 " [ 108.85, 106.48,  2.37, 3.00, 0.111, 6.24e-01]
   3 " C3  MTN B 504 " - " C5  MTN B 504 " - " N1  MTN B 504 " [  99.93,  97.68,  2.25, 3.00, 0.111, 5.64e-01]
   4 " C8  MTN A 505 " - " C1  MTN A 505 " - " N1  MTN A 505 " [ 109.60, 111.56, -1.96, 3.00, 0.111, 4.27e-01]
   5 " C8  MTN A 504 " - " C1  MTN A 504 " - " N1  MTN A 504 " [ 109.60, 107.83,  1.77, 3.00, 0.111, 3.47e-01]
   6 " C9  MTN A 504 " - " C1  MTN A 504 " - " N1  MTN A 504 " [ 109.97, 111.51, -1.54, 3.00, 0.111, 2.64e-01]
   7 " C8  MTN B 504 " - " C1  MTN B 504 " - " N1  MTN B 504 " [ 109.60, 108.22,  1.38, 3.00, 0.111, 2.10e-01]
   8 " C9  MTN A 505 " - " C1  MTN A 505 " - " N1  MTN A 505 " [ 109.97, 108.81,  1.16, 3.00, 0.111, 1.49e-01]
   9 " C7  MTN B 504 " - " C5  MTN B 504 " - " N1  MTN B 504 " [ 109.16, 110.26, -1.10, 3.00, 0.111, 1.34e-01]
  10 " C7  MTN A 505 " - " C5  MTN A 505 " - " N1  MTN A 505 " [ 109.16, 110.15, -0.99, 3.00, 0.111, 1.10e-01]
  11 " C6  MTN A 505 " - " C5  MTN A 505 " - " N1  MTN A 505 " [ 108.85, 109.79, -0.94, 3.00, 0.111, 9.78e-02]
  12 " C5  MTN A 505 " - " N1  MTN A 505 " - " O1  MTN A 505 " [ 122.20, 122.79, -0.59, 3.00, 0.111, 3.85e-02]
  13 " C1  MTN A 505 " - " N1  MTN A 505 " - " C5  MTN A 505 " [ 114.61, 114.06,  0.55, 3.00, 0.111, 3.37e-02]
  14 " C6  MTN B 504 " - " C5  MTN B 504 " - " N1  MTN B 504 " [ 108.85, 108.37,  0.48, 3.00, 0.111, 2.52e-02]
  15 " C1  MTN B 504 " - " N1  MTN B 504 " - " O1  MTN B 504 " [ 122.58, 123.03, -0.45, 3.00, 0.111, 2.27e-02]
  16 " C1  MTN A 504 " - " N1  MTN A 504 " - " C5  MTN A 504 " [ 114.61, 115.03, -0.42, 3.00, 0.111, 2.00e-02]
  17 " C1  MTN A 505 " - " N1  MTN A 505 " - " O1  MTN A 505 " [ 122.58, 122.99, -0.41, 3.00, 0.111, 1.86e-02]
  18 " C7  MTN A 504 " - " C5  MTN A 504 " - " N1  MTN A 504 " [ 109.16, 109.55, -0.39, 3.00, 0.111, 1.65e-02]
  19 " C1  MTN B 504 " - " N1  MTN B 504 " - " C5  MTN B 504 " [ 114.61, 114.97, -0.36, 3.00, 0.111, 1.41e-02]
  20 " C2  MTN B 504 " - " C1  MTN B 504 " - " N1  MTN B 504 " [  99.99, 100.34, -0.35, 3.00, 0.111, 1.39e-02]
  21 " C2  MTN A 504 " - " C1  MTN A 504 " - " N1  MTN A 504 " [  99.99,  99.68,  0.31, 3.00, 0.111, 1.05e-02]
  22 " C5  MTN B 504 " - " N1  MTN B 504 " - " O1  MTN B 504 " [ 122.20, 121.99,  0.21, 3.00, 0.111, 4.76e-03]
  23 " C3  MTN A 505 " - " C5  MTN A 505 " - " N1  MTN A 505 " [  99.93,  99.77,  0.16, 3.00, 0.111, 2.76e-03]
  24 " C3  MTN A 504 " - " C5  MTN A 504 " - " N1  MTN A 504 " [  99.93,  99.86,  0.07, 3.00, 0.111, 5.15e-04]
  25 " C1  MTN A 504 " - " N1  MTN A 504 " - " O1  MTN A 504 " [ 122.58, 122.62, -0.04, 3.00, 0.111, 1.56e-04]
  26 " C5  MTN A 504 " - " N1  MTN A 504 " - " O1  MTN A 504 " [ 122.20, 122.23, -0.03, 3.00, 0.111, 7.04e-05]
  27 " C2  MTN A 505 " - " C1  MTN A 505 " - " N1  MTN A 505 " [  99.99,  99.98,  0.01, 3.00, 0.111, 1.73e-05]
---- dihedrals ---- dihedrals ---- dihedrals ---- dihedrals ---- dihedrals ---- dihedrals 
   1 " C3  MTN B 504 " - " C5  MTN B 504 " - " N1  MTN B 504 " - " O1  MTN B 504 " [  180.00,  168.90,   11.10,  1,   60.00, 2.78e-04,    0.05]
   2 " C2  MTN B 504 " - " C1  MTN B 504 " - " N1  MTN B 504 " - " O1  MTN B 504 " [  180.00, -169.87,  -10.13,  1,   60.00, 2.78e-04,    0.04]
   3 " C3  MTN A 505 " - " C5  MTN A 505 " - " N1  MTN A 505 " - " O1  MTN A 505 " [  180.00,  174.10,    5.90,  1,   60.00, 2.78e-04,    0.01]
   4 " C2  MTN A 505 " - " C1  MTN A 505 " - " N1  MTN A 505 " - " O1  MTN A 505 " [ -180.00, -174.57,   -5.43,  1,   60.00, 2.78e-04,    0.01]
   5 " C3  MTN A 504 " - " C5  MTN A 504 " - " N1  MTN A 504 " - " O1  MTN A 504 " [  180.00,  176.99,    3.01,  1,   60.00, 2.78e-04, 3.67e-03]
   6 " C2  MTN A 504 " - " C1  MTN A 504 " - " N1  MTN A 504 " - " O1  MTN A 504 " [ -180.00, -179.47,   -0.53,  1,   60.00, 2.78e-04, 1.14e-04]
---- chirals ---- chirals ---- chirals ---- chirals ---- chirals ---- chirals 
  None
